\BOOKMARK [0][-]{chapter.1}{Introducci\363n}{}% 1
\BOOKMARK [1][-]{section.1.1}{Introducci\363n}{chapter.1}% 2
\BOOKMARK [1][-]{section.1.2}{LUCA}{chapter.1}% 3
\BOOKMARK [2][-]{subsection.1.2.1}{Motivaci\363n}{section.1.2}% 4
\BOOKMARK [2][-]{subsection.1.2.2}{Funcionamiento de LUCA}{section.1.2}% 5
\BOOKMARK [2][-]{subsection.1.2.3}{Limitaciones actuales de LUCA}{section.1.2}% 6
\BOOKMARK [1][-]{section.1.3}{Objetivos del Trabajo de Fin de Grado}{chapter.1}% 7
\BOOKMARK [1][-]{section.1.4}{Alcance del Proyecto}{chapter.1}% 8
\BOOKMARK [1][-]{section.1.5}{Sumario}{chapter.1}% 9
\BOOKMARK [0][-]{chapter.2}{Antecedentes}{}% 10
\BOOKMARK [1][-]{section.2.1}{Go.JS}{chapter.2}% 11
\BOOKMARK [1][-]{section.2.2}{Patr\363n Model-View-Presenter \(MVP\)}{chapter.2}% 12
\BOOKMARK [1][-]{section.2.3}{Vaadin}{chapter.2}% 13
\BOOKMARK [2][-]{subsection.2.3.1}{Desarrollo de Aplicaciones Web con Vaadin}{section.2.3}% 14
\BOOKMARK [2][-]{subsection.2.3.2}{Arquitectura Interna de Vaadin}{section.2.3}% 15
\BOOKMARK [1][-]{section.2.4}{Arquitectura LUCA}{chapter.2}% 16
\BOOKMARK [1][-]{section.2.5}{Sumario}{chapter.2}% 17
\BOOKMARK [0][-]{chapter.3}{Desarrollo del Proyecto}{}% 18
\BOOKMARK [1][-]{section.3.1}{Introducci\363n}{chapter.3}% 19
\BOOKMARK [1][-]{section.3.2}{Desarrollo del Editor Gr\341fico}{chapter.3}% 20
\BOOKMARK [1][-]{section.3.3}{Integraci\363n del editor con Vaadin}{chapter.3}% 21
\BOOKMARK [1][-]{section.3.4}{Integraci\363n del editor con LUCA}{chapter.3}% 22
\BOOKMARK [1][-]{section.3.5}{Gesti\363n, ejecuci\363n y Persistencia de los Procesos}{chapter.3}% 23
\BOOKMARK [2][-]{subsection.3.5.1}{Ejecuci\363n de Procesos}{section.3.5}% 24
\BOOKMARK [1][-]{section.3.6}{Sumario}{chapter.3}% 25
\BOOKMARK [0][-]{chapter.4}{Sumario, Conclusiones y Trabajos Futuros}{}% 26
\BOOKMARK [1][-]{section.4.1}{Sumario}{chapter.4}% 27
\BOOKMARK [1][-]{section.4.2}{Resultados}{chapter.4}% 28
\BOOKMARK [1][-]{section.4.3}{Conclusiones}{chapter.4}% 29
\BOOKMARK [1][-]{section.4.4}{Trabajos Futuros}{chapter.4}% 30
\BOOKMARK [0][-]{appendix.Alph1}{Tratamiento de eventos de la clase Diagram Component}{}% 31
